2020-09-14T14:54:59+00:00 CRITICAL Uncaught Error: Call to undefined function pll_the_languages() in /var/www/brightfieldw/brightfield.kiev.ua/wp-content/themes/customTheme/header.php:17
Stack trace:
#0 /var/www/brightfieldw/brightfield.kiev.ua/wp-includes/template.php(723): require_once()
#1 /var/www/brightfieldw/brightfield.kiev.ua/wp-includes/template.php(672): load_template('/var/www/bright...', true)
#2 /var/www/brightfieldw/brightfield.kiev.ua/wp-includes/general-template.php(41): locate_template(Array, true)
#3 /var/www/brightfieldw/brightfield.kiev.ua/wp-content/themes/customTheme/index.php(1): get_header()
#4 /var/www/brightfieldw/brightfield.kiev.ua/wp-includes/template-loader.php(106): include('/var/www/bright...')
#5 /var/www/brightfieldw/brightfield.kiev.ua/wp-blog-header.php(19): require_once('/var/www/bright...')
#6 /var/www/brightfieldw/brightfield.kiev.ua/index.php(17): require('/var/www/bright...')
#7 {main}
  thrown in /var/www/brightfieldw/brightfield.kiev.ua/wp-content/themes/customTheme/header.php on line 17

2020-09-14T14:55:04+00:00 CRITICAL Uncaught Error: Call to undefined function pll_the_languages() in /var/www/brightfieldw/brightfield.kiev.ua/wp-content/themes/customTheme/header.php:17
Stack trace:
#0 /var/www/brightfieldw/brightfield.kiev.ua/wp-includes/template.php(723): require_once()
#1 /var/www/brightfieldw/brightfield.kiev.ua/wp-includes/template.php(672): load_template('/var/www/bright...', true)
#2 /var/www/brightfieldw/brightfield.kiev.ua/wp-includes/general-template.php(41): locate_template(Array, true)
#3 /var/www/brightfieldw/brightfield.kiev.ua/wp-content/themes/customTheme/index.php(1): get_header()
#4 /var/www/brightfieldw/brightfield.kiev.ua/wp-includes/template-loader.php(106): include('/var/www/bright...')
#5 /var/www/brightfieldw/brightfield.kiev.ua/wp-blog-header.php(19): require_once('/var/www/bright...')
#6 /var/www/brightfieldw/brightfield.kiev.ua/index.php(17): require('/var/www/bright...')
#7 {main}
  thrown in /var/www/brightfieldw/brightfield.kiev.ua/wp-content/themes/customTheme/header.php on line 17

2020-09-14T14:55:22+00:00 CRITICAL Uncaught Error: Call to undefined function pll_the_languages() in /var/www/brightfieldw/brightfield.kiev.ua/wp-content/themes/customTheme/header.php:17
Stack trace:
#0 /var/www/brightfieldw/brightfield.kiev.ua/wp-includes/template.php(723): require_once()
#1 /var/www/brightfieldw/brightfield.kiev.ua/wp-includes/template.php(672): load_template('/var/www/bright...', true)
#2 /var/www/brightfieldw/brightfield.kiev.ua/wp-includes/general-template.php(41): locate_template(Array, true)
#3 /var/www/brightfieldw/brightfield.kiev.ua/wp-content/themes/customTheme/index.php(1): get_header()
#4 /var/www/brightfieldw/brightfield.kiev.ua/wp-includes/template-loader.php(106): include('/var/www/bright...')
#5 /var/www/brightfieldw/brightfield.kiev.ua/wp-blog-header.php(19): require_once('/var/www/bright...')
#6 /var/www/brightfieldw/brightfield.kiev.ua/index.php(17): require('/var/www/bright...')
#7 {main}
  thrown in /var/www/brightfieldw/brightfield.kiev.ua/wp-content/themes/customTheme/header.php on line 17

2020-09-14T14:55:43+00:00 CRITICAL Uncaught Error: Call to undefined function pll_the_languages() in /var/www/brightfieldw/brightfield.kiev.ua/wp-content/themes/customTheme/header.php:17
Stack trace:
#0 /var/www/brightfieldw/brightfield.kiev.ua/wp-includes/template.php(723): require_once()
#1 /var/www/brightfieldw/brightfield.kiev.ua/wp-includes/template.php(672): load_template('/var/www/bright...', true)
#2 /var/www/brightfieldw/brightfield.kiev.ua/wp-includes/general-template.php(41): locate_template(Array, true)
#3 /var/www/brightfieldw/brightfield.kiev.ua/wp-content/themes/customTheme/index.php(1): get_header()
#4 /var/www/brightfieldw/brightfield.kiev.ua/wp-includes/template-loader.php(106): include('/var/www/bright...')
#5 /var/www/brightfieldw/brightfield.kiev.ua/wp-blog-header.php(19): require_once('/var/www/bright...')
#6 /var/www/brightfieldw/brightfield.kiev.ua/index.php(17): require('/var/www/bright...')
#7 {main}
  thrown in /var/www/brightfieldw/brightfield.kiev.ua/wp-content/themes/customTheme/header.php on line 17

2020-09-14T14:57:40+00:00 CRITICAL Uncaught Error: Call to undefined function pll_the_languages() in /var/www/brightfieldw/brightfield.kiev.ua/wp-content/themes/customTheme/header.php:17
Stack trace:
#0 /var/www/brightfieldw/brightfield.kiev.ua/wp-includes/template.php(723): require_once()
#1 /var/www/brightfieldw/brightfield.kiev.ua/wp-includes/template.php(672): load_template('/var/www/bright...', true)
#2 /var/www/brightfieldw/brightfield.kiev.ua/wp-includes/general-template.php(41): locate_template(Array, true)
#3 /var/www/brightfieldw/brightfield.kiev.ua/wp-content/themes/customTheme/index.php(1): get_header()
#4 /var/www/brightfieldw/brightfield.kiev.ua/wp-includes/template-loader.php(106): include('/var/www/bright...')
#5 /var/www/brightfieldw/brightfield.kiev.ua/wp-blog-header.php(19): require_once('/var/www/bright...')
#6 /var/www/brightfieldw/brightfield.kiev.ua/index.php(17): require('/var/www/bright...')
#7 {main}
  thrown in /var/www/brightfieldw/brightfield.kiev.ua/wp-content/themes/customTheme/header.php on line 17

2020-09-14T14:57:49+00:00 CRITICAL Uncaught Error: Call to undefined function pll_the_languages() in /var/www/brightfieldw/brightfield.kiev.ua/wp-content/themes/customTheme/header.php:17
Stack trace:
#0 /var/www/brightfieldw/brightfield.kiev.ua/wp-includes/template.php(723): require_once()
#1 /var/www/brightfieldw/brightfield.kiev.ua/wp-includes/template.php(672): load_template('/var/www/bright...', true)
#2 /var/www/brightfieldw/brightfield.kiev.ua/wp-includes/general-template.php(41): locate_template(Array, true)
#3 /var/www/brightfieldw/brightfield.kiev.ua/wp-content/themes/customTheme/index.php(1): get_header()
#4 /var/www/brightfieldw/brightfield.kiev.ua/wp-includes/template-loader.php(106): include('/var/www/bright...')
#5 /var/www/brightfieldw/brightfield.kiev.ua/wp-blog-header.php(19): require_once('/var/www/bright...')
#6 /var/www/brightfieldw/brightfield.kiev.ua/index.php(17): require('/var/www/bright...')
#7 {main}
  thrown in /var/www/brightfieldw/brightfield.kiev.ua/wp-content/themes/customTheme/header.php on line 17

2020-09-14T14:59:32+00:00 CRITICAL Uncaught Error: Call to undefined function pll_the_languages() in /var/www/brightfieldw/brightfield.kiev.ua/wp-content/themes/customTheme/header.php:17
Stack trace:
#0 /var/www/brightfieldw/brightfield.kiev.ua/wp-includes/template.php(723): require_once()
#1 /var/www/brightfieldw/brightfield.kiev.ua/wp-includes/template.php(672): load_template('/var/www/bright...', true)
#2 /var/www/brightfieldw/brightfield.kiev.ua/wp-includes/general-template.php(41): locate_template(Array, true)
#3 /var/www/brightfieldw/brightfield.kiev.ua/wp-content/themes/customTheme/index.php(1): get_header()
#4 /var/www/brightfieldw/brightfield.kiev.ua/wp-includes/template-loader.php(106): include('/var/www/bright...')
#5 /var/www/brightfieldw/brightfield.kiev.ua/wp-blog-header.php(19): require_once('/var/www/bright...')
#6 /var/www/brightfieldw/brightfield.kiev.ua/index.php(17): require('/var/www/bright...')
#7 {main}
  thrown in /var/www/brightfieldw/brightfield.kiev.ua/wp-content/themes/customTheme/header.php on line 17

2020-09-14T19:39:48+00:00 CRITICAL Uncaught Error: Call to undefined function pll_the_languages() in /var/www/brightfieldw/brightfield.kiev.ua/wp-content/themes/customTheme/header.php:17
Stack trace:
#0 /var/www/brightfieldw/brightfield.kiev.ua/wp-includes/template.php(723): require_once()
#1 /var/www/brightfieldw/brightfield.kiev.ua/wp-includes/template.php(672): load_template('/var/www/bright...', true)
#2 /var/www/brightfieldw/brightfield.kiev.ua/wp-includes/general-template.php(41): locate_template(Array, true)
#3 /var/www/brightfieldw/brightfield.kiev.ua/wp-content/themes/customTheme/index.php(1): get_header()
#4 /var/www/brightfieldw/brightfield.kiev.ua/wp-includes/template-loader.php(106): include('/var/www/bright...')
#5 /var/www/brightfieldw/brightfield.kiev.ua/wp-blog-header.php(19): require_once('/var/www/bright...')
#6 /var/www/brightfieldw/brightfield.kiev.ua/index.php(17): require('/var/www/bright...')
#7 {main}
  thrown in /var/www/brightfieldw/brightfield.kiev.ua/wp-content/themes/customTheme/header.php on line 17

2020-09-14T23:39:08+00:00 CRITICAL Uncaught Error: Call to undefined function pll_the_languages() in /var/www/brightfieldw/brightfield.kiev.ua/wp-content/themes/customTheme/header.php:17
Stack trace:
#0 /var/www/brightfieldw/brightfield.kiev.ua/wp-includes/template.php(723): require_once()
#1 /var/www/brightfieldw/brightfield.kiev.ua/wp-includes/template.php(672): load_template('/var/www/bright...', true)
#2 /var/www/brightfieldw/brightfield.kiev.ua/wp-includes/general-template.php(41): locate_template(Array, true)
#3 /var/www/brightfieldw/brightfield.kiev.ua/wp-content/themes/customTheme/woocommerce/archive-product.php(1): get_header()
#4 /var/www/brightfieldw/brightfield.kiev.ua/wp-content/plugins/woocommerce/includes/wc-core-functions.php(344): include('/var/www/bright...')
#5 /var/www/brightfieldw/brightfield.kiev.ua/wp-content/plugins/woocommerce/templates/taxonomy-product_cat.php(22): wc_get_template('archive-product...')
#6 /var/www/brightfieldw/brightfield.kiev.ua/wp-includes/template-loader.php(106): include('/var/www/bright...')
#7 /var/www/brightfieldw/brightfield.kiev.ua/wp-blog-header.php(19): require_once('/var/www/bright...')
#8 /var/www/brightfieldw/brightfield.kiev.ua/index.php(17): require('/var/www/bright...')
#9 {main}
  thrown in /var/www/brightfieldw/brightfield.kiev.ua/wp-content/themes/customTheme/header.php on line 17

