2020-09-15T00:37:45+00:00 CRITICAL Uncaught Error: Call to undefined function pll_the_languages() in /var/www/brightfieldw/brightfield.kiev.ua/wp-content/themes/customTheme/header.php:17
Stack trace:
#0 /var/www/brightfieldw/brightfield.kiev.ua/wp-includes/template.php(723): require_once()
#1 /var/www/brightfieldw/brightfield.kiev.ua/wp-includes/template.php(672): load_template('/var/www/bright...', true)
#2 /var/www/brightfieldw/brightfield.kiev.ua/wp-includes/general-template.php(41): locate_template(Array, true)
#3 /var/www/brightfieldw/brightfield.kiev.ua/wp-content/themes/customTheme/woocommerce/archive-product.php(1): get_header()
#4 /var/www/brightfieldw/brightfield.kiev.ua/wp-content/plugins/woocommerce/includes/wc-core-functions.php(344): include('/var/www/bright...')
#5 /var/www/brightfieldw/brightfield.kiev.ua/wp-content/plugins/woocommerce/templates/taxonomy-product_cat.php(22): wc_get_template('archive-product...')
#6 /var/www/brightfieldw/brightfield.kiev.ua/wp-includes/template-loader.php(106): include('/var/www/bright...')
#7 /var/www/brightfieldw/brightfield.kiev.ua/wp-blog-header.php(19): require_once('/var/www/bright...')
#8 /var/www/brightfieldw/brightfield.kiev.ua/index.php(17): require('/var/www/bright...')
#9 {main}
  thrown in /var/www/brightfieldw/brightfield.kiev.ua/wp-content/themes/customTheme/header.php on line 17

2020-09-15T01:35:15+00:00 CRITICAL Uncaught Error: Call to undefined function pll_the_languages() in /var/www/brightfieldw/brightfield.kiev.ua/wp-content/themes/customTheme/header.php:17
Stack trace:
#0 /var/www/brightfieldw/brightfield.kiev.ua/wp-includes/template.php(723): require_once()
#1 /var/www/brightfieldw/brightfield.kiev.ua/wp-includes/template.php(672): load_template('/var/www/bright...', true)
#2 /var/www/brightfieldw/brightfield.kiev.ua/wp-includes/general-template.php(41): locate_template(Array, true)
#3 /var/www/brightfieldw/brightfield.kiev.ua/wp-content/themes/customTheme/woocommerce/archive-product.php(1): get_header()
#4 /var/www/brightfieldw/brightfield.kiev.ua/wp-content/plugins/woocommerce/includes/wc-core-functions.php(344): include('/var/www/bright...')
#5 /var/www/brightfieldw/brightfield.kiev.ua/wp-content/plugins/woocommerce/templates/taxonomy-product_cat.php(22): wc_get_template('archive-product...')
#6 /var/www/brightfieldw/brightfield.kiev.ua/wp-includes/template-loader.php(106): include('/var/www/bright...')
#7 /var/www/brightfieldw/brightfield.kiev.ua/wp-blog-header.php(19): require_once('/var/www/bright...')
#8 /var/www/brightfieldw/brightfield.kiev.ua/index.php(17): require('/var/www/bright...')
#9 {main}
  thrown in /var/www/brightfieldw/brightfield.kiev.ua/wp-content/themes/customTheme/header.php on line 17

2020-09-15T06:10:48+00:00 CRITICAL Uncaught Error: Call to undefined function pll_the_languages() in /var/www/brightfieldw/brightfield.kiev.ua/wp-content/themes/customTheme/header.php:17
Stack trace:
#0 /var/www/brightfieldw/brightfield.kiev.ua/wp-includes/template.php(723): require_once()
#1 /var/www/brightfieldw/brightfield.kiev.ua/wp-includes/template.php(672): load_template('/var/www/bright...', true)
#2 /var/www/brightfieldw/brightfield.kiev.ua/wp-includes/general-template.php(41): locate_template(Array, true)
#3 /var/www/brightfieldw/brightfield.kiev.ua/wp-content/themes/customTheme/index.php(1): get_header()
#4 /var/www/brightfieldw/brightfield.kiev.ua/wp-includes/template-loader.php(106): include('/var/www/bright...')
#5 /var/www/brightfieldw/brightfield.kiev.ua/wp-blog-header.php(19): require_once('/var/www/bright...')
#6 /var/www/brightfieldw/brightfield.kiev.ua/index.php(17): require('/var/www/bright...')
#7 {main}
  thrown in /var/www/brightfieldw/brightfield.kiev.ua/wp-content/themes/customTheme/header.php on line 17

2020-09-15T07:12:08+00:00 CRITICAL Uncaught Error: Call to undefined function pll_the_languages() in /var/www/brightfieldw/brightfield.kiev.ua/wp-content/themes/customTheme/header.php:17
Stack trace:
#0 /var/www/brightfieldw/brightfield.kiev.ua/wp-includes/template.php(723): require_once()
#1 /var/www/brightfieldw/brightfield.kiev.ua/wp-includes/template.php(672): load_template('/var/www/bright...', true)
#2 /var/www/brightfieldw/brightfield.kiev.ua/wp-includes/general-template.php(41): locate_template(Array, true)
#3 /var/www/brightfieldw/brightfield.kiev.ua/wp-content/themes/customTheme/index.php(1): get_header()
#4 /var/www/brightfieldw/brightfield.kiev.ua/wp-includes/template-loader.php(106): include('/var/www/bright...')
#5 /var/www/brightfieldw/brightfield.kiev.ua/wp-blog-header.php(19): require_once('/var/www/bright...')
#6 /var/www/brightfieldw/brightfield.kiev.ua/index.php(17): require('/var/www/bright...')
#7 {main}
  thrown in /var/www/brightfieldw/brightfield.kiev.ua/wp-content/themes/customTheme/header.php on line 17

2020-09-15T07:12:13+00:00 CRITICAL Uncaught Error: Call to undefined function pll_the_languages() in /var/www/brightfieldw/brightfield.kiev.ua/wp-content/themes/customTheme/header.php:17
Stack trace:
#0 /var/www/brightfieldw/brightfield.kiev.ua/wp-includes/template.php(723): require_once()
#1 /var/www/brightfieldw/brightfield.kiev.ua/wp-includes/template.php(672): load_template('/var/www/bright...', true)
#2 /var/www/brightfieldw/brightfield.kiev.ua/wp-includes/general-template.php(41): locate_template(Array, true)
#3 /var/www/brightfieldw/brightfield.kiev.ua/wp-content/themes/customTheme/index.php(1): get_header()
#4 /var/www/brightfieldw/brightfield.kiev.ua/wp-includes/template-loader.php(106): include('/var/www/bright...')
#5 /var/www/brightfieldw/brightfield.kiev.ua/wp-blog-header.php(19): require_once('/var/www/bright...')
#6 /var/www/brightfieldw/brightfield.kiev.ua/index.php(17): require('/var/www/bright...')
#7 {main}
  thrown in /var/www/brightfieldw/brightfield.kiev.ua/wp-content/themes/customTheme/header.php on line 17

2020-09-15T07:12:21+00:00 CRITICAL Uncaught Error: Call to undefined function pll_the_languages() in /var/www/brightfieldw/brightfield.kiev.ua/wp-content/themes/customTheme/header.php:17
Stack trace:
#0 /var/www/brightfieldw/brightfield.kiev.ua/wp-includes/template.php(723): require_once()
#1 /var/www/brightfieldw/brightfield.kiev.ua/wp-includes/template.php(672): load_template('/var/www/bright...', true)
#2 /var/www/brightfieldw/brightfield.kiev.ua/wp-includes/general-template.php(41): locate_template(Array, true)
#3 /var/www/brightfieldw/brightfield.kiev.ua/wp-content/themes/customTheme/index.php(1): get_header()
#4 /var/www/brightfieldw/brightfield.kiev.ua/wp-includes/template-loader.php(106): include('/var/www/bright...')
#5 /var/www/brightfieldw/brightfield.kiev.ua/wp-blog-header.php(19): require_once('/var/www/bright...')
#6 /var/www/brightfieldw/brightfield.kiev.ua/index.php(17): require('/var/www/bright...')
#7 {main}
  thrown in /var/www/brightfieldw/brightfield.kiev.ua/wp-content/themes/customTheme/header.php on line 17

2020-09-15T07:12:21+00:00 CRITICAL Uncaught Error: Call to undefined function pll_the_languages() in /var/www/brightfieldw/brightfield.kiev.ua/wp-content/themes/customTheme/header.php:17
Stack trace:
#0 /var/www/brightfieldw/brightfield.kiev.ua/wp-includes/template.php(723): require_once()
#1 /var/www/brightfieldw/brightfield.kiev.ua/wp-includes/template.php(672): load_template('/var/www/bright...', true)
#2 /var/www/brightfieldw/brightfield.kiev.ua/wp-includes/general-template.php(41): locate_template(Array, true)
#3 /var/www/brightfieldw/brightfield.kiev.ua/wp-content/themes/customTheme/index.php(1): get_header()
#4 /var/www/brightfieldw/brightfield.kiev.ua/wp-includes/template-loader.php(106): include('/var/www/bright...')
#5 /var/www/brightfieldw/brightfield.kiev.ua/wp-blog-header.php(19): require_once('/var/www/bright...')
#6 /var/www/brightfieldw/brightfield.kiev.ua/index.php(17): require('/var/www/bright...')
#7 {main}
  thrown in /var/www/brightfieldw/brightfield.kiev.ua/wp-content/themes/customTheme/header.php on line 17

2020-09-15T07:12:21+00:00 CRITICAL Uncaught Error: Call to undefined function pll_the_languages() in /var/www/brightfieldw/brightfield.kiev.ua/wp-content/themes/customTheme/header.php:17
Stack trace:
#0 /var/www/brightfieldw/brightfield.kiev.ua/wp-includes/template.php(723): require_once()
#1 /var/www/brightfieldw/brightfield.kiev.ua/wp-includes/template.php(672): load_template('/var/www/bright...', true)
#2 /var/www/brightfieldw/brightfield.kiev.ua/wp-includes/general-template.php(41): locate_template(Array, true)
#3 /var/www/brightfieldw/brightfield.kiev.ua/wp-content/themes/customTheme/index.php(1): get_header()
#4 /var/www/brightfieldw/brightfield.kiev.ua/wp-includes/template-loader.php(106): include('/var/www/bright...')
#5 /var/www/brightfieldw/brightfield.kiev.ua/wp-blog-header.php(19): require_once('/var/www/bright...')
#6 /var/www/brightfieldw/brightfield.kiev.ua/index.php(17): require('/var/www/bright...')
#7 {main}
  thrown in /var/www/brightfieldw/brightfield.kiev.ua/wp-content/themes/customTheme/header.php on line 17

2020-09-15T07:12:26+00:00 CRITICAL Uncaught Error: Call to undefined function pll_the_languages() in /var/www/brightfieldw/brightfield.kiev.ua/wp-content/themes/customTheme/header.php:17
Stack trace:
#0 /var/www/brightfieldw/brightfield.kiev.ua/wp-includes/template.php(723): require_once()
#1 /var/www/brightfieldw/brightfield.kiev.ua/wp-includes/template.php(672): load_template('/var/www/bright...', true)
#2 /var/www/brightfieldw/brightfield.kiev.ua/wp-includes/general-template.php(41): locate_template(Array, true)
#3 /var/www/brightfieldw/brightfield.kiev.ua/wp-content/themes/customTheme/index.php(1): get_header()
#4 /var/www/brightfieldw/brightfield.kiev.ua/wp-includes/template-loader.php(106): include('/var/www/bright...')
#5 /var/www/brightfieldw/brightfield.kiev.ua/wp-blog-header.php(19): require_once('/var/www/bright...')
#6 /var/www/brightfieldw/brightfield.kiev.ua/index.php(17): require('/var/www/bright...')
#7 {main}
  thrown in /var/www/brightfieldw/brightfield.kiev.ua/wp-content/themes/customTheme/header.php on line 17

2020-09-15T07:12:28+00:00 CRITICAL Uncaught Error: Call to undefined function pll_the_languages() in /var/www/brightfieldw/brightfield.kiev.ua/wp-content/themes/customTheme/header.php:17
Stack trace:
#0 /var/www/brightfieldw/brightfield.kiev.ua/wp-includes/template.php(723): require_once()
#1 /var/www/brightfieldw/brightfield.kiev.ua/wp-includes/template.php(672): load_template('/var/www/bright...', true)
#2 /var/www/brightfieldw/brightfield.kiev.ua/wp-includes/general-template.php(41): locate_template(Array, true)
#3 /var/www/brightfieldw/brightfield.kiev.ua/wp-content/themes/customTheme/index.php(1): get_header()
#4 /var/www/brightfieldw/brightfield.kiev.ua/wp-includes/template-loader.php(106): include('/var/www/bright...')
#5 /var/www/brightfieldw/brightfield.kiev.ua/wp-blog-header.php(19): require_once('/var/www/bright...')
#6 /var/www/brightfieldw/brightfield.kiev.ua/index.php(17): require('/var/www/bright...')
#7 {main}
  thrown in /var/www/brightfieldw/brightfield.kiev.ua/wp-content/themes/customTheme/header.php on line 17

2020-09-15T07:12:28+00:00 CRITICAL Uncaught Error: Call to undefined function pll_the_languages() in /var/www/brightfieldw/brightfield.kiev.ua/wp-content/themes/customTheme/header.php:17
Stack trace:
#0 /var/www/brightfieldw/brightfield.kiev.ua/wp-includes/template.php(723): require_once()
#1 /var/www/brightfieldw/brightfield.kiev.ua/wp-includes/template.php(672): load_template('/var/www/bright...', true)
#2 /var/www/brightfieldw/brightfield.kiev.ua/wp-includes/general-template.php(41): locate_template(Array, true)
#3 /var/www/brightfieldw/brightfield.kiev.ua/wp-content/themes/customTheme/index.php(1): get_header()
#4 /var/www/brightfieldw/brightfield.kiev.ua/wp-includes/template-loader.php(106): include('/var/www/bright...')
#5 /var/www/brightfieldw/brightfield.kiev.ua/wp-blog-header.php(19): require_once('/var/www/bright...')
#6 /var/www/brightfieldw/brightfield.kiev.ua/index.php(17): require('/var/www/bright...')
#7 {main}
  thrown in /var/www/brightfieldw/brightfield.kiev.ua/wp-content/themes/customTheme/header.php on line 17

2020-09-15T07:12:28+00:00 CRITICAL Uncaught Error: Call to undefined function pll_the_languages() in /var/www/brightfieldw/brightfield.kiev.ua/wp-content/themes/customTheme/header.php:17
Stack trace:
#0 /var/www/brightfieldw/brightfield.kiev.ua/wp-includes/template.php(723): require_once()
#1 /var/www/brightfieldw/brightfield.kiev.ua/wp-includes/template.php(672): load_template('/var/www/bright...', true)
#2 /var/www/brightfieldw/brightfield.kiev.ua/wp-includes/general-template.php(41): locate_template(Array, true)
#3 /var/www/brightfieldw/brightfield.kiev.ua/wp-content/themes/customTheme/index.php(1): get_header()
#4 /var/www/brightfieldw/brightfield.kiev.ua/wp-includes/template-loader.php(106): include('/var/www/bright...')
#5 /var/www/brightfieldw/brightfield.kiev.ua/wp-blog-header.php(19): require_once('/var/www/bright...')
#6 /var/www/brightfieldw/brightfield.kiev.ua/index.php(17): require('/var/www/bright...')
#7 {main}
  thrown in /var/www/brightfieldw/brightfield.kiev.ua/wp-content/themes/customTheme/header.php on line 17

2020-09-15T07:12:42+00:00 CRITICAL Uncaught Error: Call to undefined function pll_the_languages() in /var/www/brightfieldw/brightfield.kiev.ua/wp-content/themes/customTheme/header.php:17
Stack trace:
#0 /var/www/brightfieldw/brightfield.kiev.ua/wp-includes/template.php(723): require_once()
#1 /var/www/brightfieldw/brightfield.kiev.ua/wp-includes/template.php(672): load_template('/var/www/bright...', true)
#2 /var/www/brightfieldw/brightfield.kiev.ua/wp-includes/general-template.php(41): locate_template(Array, true)
#3 /var/www/brightfieldw/brightfield.kiev.ua/wp-content/themes/customTheme/index.php(1): get_header()
#4 /var/www/brightfieldw/brightfield.kiev.ua/wp-includes/template-loader.php(106): include('/var/www/bright...')
#5 /var/www/brightfieldw/brightfield.kiev.ua/wp-blog-header.php(19): require_once('/var/www/bright...')
#6 /var/www/brightfieldw/brightfield.kiev.ua/index.php(17): require('/var/www/bright...')
#7 {main}
  thrown in /var/www/brightfieldw/brightfield.kiev.ua/wp-content/themes/customTheme/header.php on line 17

2020-09-15T07:12:43+00:00 CRITICAL Uncaught Error: Call to undefined function pll_the_languages() in /var/www/brightfieldw/brightfield.kiev.ua/wp-content/themes/customTheme/header.php:17
Stack trace:
#0 /var/www/brightfieldw/brightfield.kiev.ua/wp-includes/template.php(723): require_once()
#1 /var/www/brightfieldw/brightfield.kiev.ua/wp-includes/template.php(672): load_template('/var/www/bright...', true)
#2 /var/www/brightfieldw/brightfield.kiev.ua/wp-includes/general-template.php(41): locate_template(Array, true)
#3 /var/www/brightfieldw/brightfield.kiev.ua/wp-content/themes/customTheme/index.php(1): get_header()
#4 /var/www/brightfieldw/brightfield.kiev.ua/wp-includes/template-loader.php(106): include('/var/www/bright...')
#5 /var/www/brightfieldw/brightfield.kiev.ua/wp-blog-header.php(19): require_once('/var/www/bright...')
#6 /var/www/brightfieldw/brightfield.kiev.ua/index.php(17): require('/var/www/bright...')
#7 {main}
  thrown in /var/www/brightfieldw/brightfield.kiev.ua/wp-content/themes/customTheme/header.php on line 17

2020-09-15T07:12:43+00:00 CRITICAL Uncaught Error: Call to undefined function pll_the_languages() in /var/www/brightfieldw/brightfield.kiev.ua/wp-content/themes/customTheme/header.php:17
Stack trace:
#0 /var/www/brightfieldw/brightfield.kiev.ua/wp-includes/template.php(723): require_once()
#1 /var/www/brightfieldw/brightfield.kiev.ua/wp-includes/template.php(672): load_template('/var/www/bright...', true)
#2 /var/www/brightfieldw/brightfield.kiev.ua/wp-includes/general-template.php(41): locate_template(Array, true)
#3 /var/www/brightfieldw/brightfield.kiev.ua/wp-content/themes/customTheme/index.php(1): get_header()
#4 /var/www/brightfieldw/brightfield.kiev.ua/wp-includes/template-loader.php(106): include('/var/www/bright...')
#5 /var/www/brightfieldw/brightfield.kiev.ua/wp-blog-header.php(19): require_once('/var/www/bright...')
#6 /var/www/brightfieldw/brightfield.kiev.ua/index.php(17): require('/var/www/bright...')
#7 {main}
  thrown in /var/www/brightfieldw/brightfield.kiev.ua/wp-content/themes/customTheme/header.php on line 17

2020-09-15T07:12:43+00:00 CRITICAL Uncaught Error: Call to undefined function pll_the_languages() in /var/www/brightfieldw/brightfield.kiev.ua/wp-content/themes/customTheme/header.php:17
Stack trace:
#0 /var/www/brightfieldw/brightfield.kiev.ua/wp-includes/template.php(723): require_once()
#1 /var/www/brightfieldw/brightfield.kiev.ua/wp-includes/template.php(672): load_template('/var/www/bright...', true)
#2 /var/www/brightfieldw/brightfield.kiev.ua/wp-includes/general-template.php(41): locate_template(Array, true)
#3 /var/www/brightfieldw/brightfield.kiev.ua/wp-content/themes/customTheme/index.php(1): get_header()
#4 /var/www/brightfieldw/brightfield.kiev.ua/wp-includes/template-loader.php(106): include('/var/www/bright...')
#5 /var/www/brightfieldw/brightfield.kiev.ua/wp-blog-header.php(19): require_once('/var/www/bright...')
#6 /var/www/brightfieldw/brightfield.kiev.ua/index.php(17): require('/var/www/bright...')
#7 {main}
  thrown in /var/www/brightfieldw/brightfield.kiev.ua/wp-content/themes/customTheme/header.php on line 17

2020-09-15T07:13:36+00:00 CRITICAL Uncaught Error: Call to undefined function pll_the_languages() in /var/www/brightfieldw/brightfield.kiev.ua/wp-content/themes/customTheme/header.php:17
Stack trace:
#0 /var/www/brightfieldw/brightfield.kiev.ua/wp-includes/template.php(723): require_once()
#1 /var/www/brightfieldw/brightfield.kiev.ua/wp-includes/template.php(672): load_template('/var/www/bright...', true)
#2 /var/www/brightfieldw/brightfield.kiev.ua/wp-includes/general-template.php(41): locate_template(Array, true)
#3 /var/www/brightfieldw/brightfield.kiev.ua/wp-content/themes/customTheme/index.php(1): get_header()
#4 /var/www/brightfieldw/brightfield.kiev.ua/wp-includes/template-loader.php(106): include('/var/www/bright...')
#5 /var/www/brightfieldw/brightfield.kiev.ua/wp-blog-header.php(19): require_once('/var/www/bright...')
#6 /var/www/brightfieldw/brightfield.kiev.ua/index.php(17): require('/var/www/bright...')
#7 {main}
  thrown in /var/www/brightfieldw/brightfield.kiev.ua/wp-content/themes/customTheme/header.php on line 17

2020-09-15T07:13:38+00:00 CRITICAL Uncaught Error: Call to undefined function pll_the_languages() in /var/www/brightfieldw/brightfield.kiev.ua/wp-content/themes/customTheme/header.php:17
Stack trace:
#0 /var/www/brightfieldw/brightfield.kiev.ua/wp-includes/template.php(723): require_once()
#1 /var/www/brightfieldw/brightfield.kiev.ua/wp-includes/template.php(672): load_template('/var/www/bright...', true)
#2 /var/www/brightfieldw/brightfield.kiev.ua/wp-includes/general-template.php(41): locate_template(Array, true)
#3 /var/www/brightfieldw/brightfield.kiev.ua/wp-content/themes/customTheme/index.php(1): get_header()
#4 /var/www/brightfieldw/brightfield.kiev.ua/wp-includes/template-loader.php(106): include('/var/www/bright...')
#5 /var/www/brightfieldw/brightfield.kiev.ua/wp-blog-header.php(19): require_once('/var/www/bright...')
#6 /var/www/brightfieldw/brightfield.kiev.ua/index.php(17): require('/var/www/bright...')
#7 {main}
  thrown in /var/www/brightfieldw/brightfield.kiev.ua/wp-content/themes/customTheme/header.php on line 17

2020-09-15T07:13:38+00:00 CRITICAL Uncaught Error: Call to undefined function pll_the_languages() in /var/www/brightfieldw/brightfield.kiev.ua/wp-content/themes/customTheme/header.php:17
Stack trace:
#0 /var/www/brightfieldw/brightfield.kiev.ua/wp-includes/template.php(723): require_once()
#1 /var/www/brightfieldw/brightfield.kiev.ua/wp-includes/template.php(672): load_template('/var/www/bright...', true)
#2 /var/www/brightfieldw/brightfield.kiev.ua/wp-includes/general-template.php(41): locate_template(Array, true)
#3 /var/www/brightfieldw/brightfield.kiev.ua/wp-content/themes/customTheme/index.php(1): get_header()
#4 /var/www/brightfieldw/brightfield.kiev.ua/wp-includes/template-loader.php(106): include('/var/www/bright...')
#5 /var/www/brightfieldw/brightfield.kiev.ua/wp-blog-header.php(19): require_once('/var/www/bright...')
#6 /var/www/brightfieldw/brightfield.kiev.ua/index.php(17): require('/var/www/bright...')
#7 {main}
  thrown in /var/www/brightfieldw/brightfield.kiev.ua/wp-content/themes/customTheme/header.php on line 17

2020-09-15T07:13:38+00:00 CRITICAL Uncaught Error: Call to undefined function pll_the_languages() in /var/www/brightfieldw/brightfield.kiev.ua/wp-content/themes/customTheme/header.php:17
Stack trace:
#0 /var/www/brightfieldw/brightfield.kiev.ua/wp-includes/template.php(723): require_once()
#1 /var/www/brightfieldw/brightfield.kiev.ua/wp-includes/template.php(672): load_template('/var/www/bright...', true)
#2 /var/www/brightfieldw/brightfield.kiev.ua/wp-includes/general-template.php(41): locate_template(Array, true)
#3 /var/www/brightfieldw/brightfield.kiev.ua/wp-content/themes/customTheme/index.php(1): get_header()
#4 /var/www/brightfieldw/brightfield.kiev.ua/wp-includes/template-loader.php(106): include('/var/www/bright...')
#5 /var/www/brightfieldw/brightfield.kiev.ua/wp-blog-header.php(19): require_once('/var/www/bright...')
#6 /var/www/brightfieldw/brightfield.kiev.ua/index.php(17): require('/var/www/bright...')
#7 {main}
  thrown in /var/www/brightfieldw/brightfield.kiev.ua/wp-content/themes/customTheme/header.php on line 17

