2020-09-08T06:44:11+00:00 CRITICAL Uncaught Error: Call to a member function is_registration_enabled() on null in /var/www/brightfieldw/brightfield.kiev.ua/wp-content/themes/customTheme/page-checkout.php:170
Stack trace:
#0 /var/www/brightfieldw/brightfield.kiev.ua/wp-includes/template-loader.php(106): include()
#1 /var/www/brightfieldw/brightfield.kiev.ua/wp-blog-header.php(19): require_once('/var/www/bright...')
#2 /var/www/brightfieldw/brightfield.kiev.ua/index.php(17): require('/var/www/bright...')
#3 {main}
  thrown in /var/www/brightfieldw/brightfield.kiev.ua/wp-content/themes/customTheme/page-checkout.php on line 170

2020-09-08T06:44:39+00:00 CRITICAL Uncaught Error: Call to a member function is_registration_enabled() on null in /var/www/brightfieldw/brightfield.kiev.ua/wp-content/themes/customTheme/page-checkout.php:170
Stack trace:
#0 /var/www/brightfieldw/brightfield.kiev.ua/wp-includes/template-loader.php(106): include()
#1 /var/www/brightfieldw/brightfield.kiev.ua/wp-blog-header.php(19): require_once('/var/www/bright...')
#2 /var/www/brightfieldw/brightfield.kiev.ua/index.php(17): require('/var/www/bright...')
#3 {main}
  thrown in /var/www/brightfieldw/brightfield.kiev.ua/wp-content/themes/customTheme/page-checkout.php on line 170

2020-09-08T06:45:26+00:00 CRITICAL Uncaught Error: Call to a member function is_registration_enabled() on null in /var/www/brightfieldw/brightfield.kiev.ua/wp-content/themes/customTheme/page-checkout.php:167
Stack trace:
#0 /var/www/brightfieldw/brightfield.kiev.ua/wp-includes/template-loader.php(106): include()
#1 /var/www/brightfieldw/brightfield.kiev.ua/wp-blog-header.php(19): require_once('/var/www/bright...')
#2 /var/www/brightfieldw/brightfield.kiev.ua/index.php(17): require('/var/www/bright...')
#3 {main}
  thrown in /var/www/brightfieldw/brightfield.kiev.ua/wp-content/themes/customTheme/page-checkout.php on line 167

2020-09-08T06:45:30+00:00 CRITICAL Uncaught Error: Call to a member function is_registration_enabled() on null in /var/www/brightfieldw/brightfield.kiev.ua/wp-content/themes/customTheme/page-checkout.php:167
Stack trace:
#0 /var/www/brightfieldw/brightfield.kiev.ua/wp-includes/template-loader.php(106): include()
#1 /var/www/brightfieldw/brightfield.kiev.ua/wp-blog-header.php(19): require_once('/var/www/bright...')
#2 /var/www/brightfieldw/brightfield.kiev.ua/index.php(17): require('/var/www/bright...')
#3 {main}
  thrown in /var/www/brightfieldw/brightfield.kiev.ua/wp-content/themes/customTheme/page-checkout.php on line 167

2020-09-08T06:47:15+00:00 CRITICAL Uncaught Error: Call to a member function get_checkout_fields() on null in /var/www/brightfieldw/brightfield.kiev.ua/wp-content/themes/customTheme/page-checkout.php:157
Stack trace:
#0 /var/www/brightfieldw/brightfield.kiev.ua/wp-includes/template-loader.php(106): include()
#1 /var/www/brightfieldw/brightfield.kiev.ua/wp-blog-header.php(19): require_once('/var/www/bright...')
#2 /var/www/brightfieldw/brightfield.kiev.ua/index.php(17): require('/var/www/bright...')
#3 {main}
  thrown in /var/www/brightfieldw/brightfield.kiev.ua/wp-content/themes/customTheme/page-checkout.php on line 157

2020-09-08T10:52:25+00:00 CRITICAL syntax error, unexpected ')', expecting ',' or ';' in /var/www/brightfieldw/brightfield.kiev.ua/wp-content/themes/customTheme/page-checkout.php on line 68

2020-09-08T10:54:54+00:00 CRITICAL syntax error, unexpected ')', expecting ',' or ';' in /var/www/brightfieldw/brightfield.kiev.ua/wp-content/themes/customTheme/page-checkout.php on line 68

2020-09-08T10:55:49+00:00 CRITICAL syntax error, unexpected ')', expecting ',' or ';' in /var/www/brightfieldw/brightfield.kiev.ua/wp-content/themes/customTheme/page-checkout.php on line 68

2020-09-08T10:55:55+00:00 CRITICAL syntax error, unexpected ')', expecting ',' or ';' in /var/www/brightfieldw/brightfield.kiev.ua/wp-content/themes/customTheme/page-checkout.php on line 68

2020-09-08T10:56:11+00:00 CRITICAL syntax error, unexpected ')', expecting ',' or ';' in /var/www/brightfieldw/brightfield.kiev.ua/wp-content/themes/customTheme/page-checkout.php on line 68

2020-09-08T10:56:12+00:00 CRITICAL syntax error, unexpected ')', expecting ',' or ';' in /var/www/brightfieldw/brightfield.kiev.ua/wp-content/themes/customTheme/page-checkout.php on line 68

2020-09-08T10:56:20+00:00 CRITICAL syntax error, unexpected ')', expecting ',' or ';' in /var/www/brightfieldw/brightfield.kiev.ua/wp-content/themes/customTheme/page-checkout.php on line 68

2020-09-08T10:56:29+00:00 CRITICAL syntax error, unexpected ')', expecting ',' or ';' in /var/www/brightfieldw/brightfield.kiev.ua/wp-content/themes/customTheme/page-checkout.php on line 68

2020-09-08T10:57:27+00:00 CRITICAL syntax error, unexpected ')', expecting ',' or ';' in /var/www/brightfieldw/brightfield.kiev.ua/wp-content/themes/customTheme/page-checkout.php on line 68

2020-09-08T10:57:51+00:00 CRITICAL syntax error, unexpected ')', expecting ',' or ';' in /var/www/brightfieldw/brightfield.kiev.ua/wp-content/themes/customTheme/page-checkout.php on line 68

2020-09-08T10:59:34+00:00 CRITICAL syntax error, unexpected ')', expecting ',' or ';' in /var/www/brightfieldw/brightfield.kiev.ua/wp-content/themes/customTheme/page-checkout.php on line 68

2020-09-08T11:03:26+00:00 CRITICAL Uncaught Error: Call to a member function get_checkout_fields() on null in /var/www/brightfieldw/brightfield.kiev.ua/wp-content/themes/customTheme/page-checkout.php:116
Stack trace:
#0 /var/www/brightfieldw/brightfield.kiev.ua/wp-includes/template-loader.php(106): include()
#1 /var/www/brightfieldw/brightfield.kiev.ua/wp-blog-header.php(19): require_once('/var/www/bright...')
#2 /var/www/brightfieldw/brightfield.kiev.ua/index.php(17): require('/var/www/bright...')
#3 {main}
  thrown in /var/www/brightfieldw/brightfield.kiev.ua/wp-content/themes/customTheme/page-checkout.php on line 116

2020-09-08T11:03:31+00:00 CRITICAL Uncaught Error: Call to a member function get_checkout_fields() on null in /var/www/brightfieldw/brightfield.kiev.ua/wp-content/themes/customTheme/page-checkout.php:116
Stack trace:
#0 /var/www/brightfieldw/brightfield.kiev.ua/wp-includes/template-loader.php(106): include()
#1 /var/www/brightfieldw/brightfield.kiev.ua/wp-blog-header.php(19): require_once('/var/www/bright...')
#2 /var/www/brightfieldw/brightfield.kiev.ua/index.php(17): require('/var/www/bright...')
#3 {main}
  thrown in /var/www/brightfieldw/brightfield.kiev.ua/wp-content/themes/customTheme/page-checkout.php on line 116

2020-09-08T11:05:02+00:00 CRITICAL Uncaught Error: Call to a member function get_checkout_fields() on null in /var/www/brightfieldw/brightfield.kiev.ua/wp-content/themes/customTheme/page-checkout.php:116
Stack trace:
#0 /var/www/brightfieldw/brightfield.kiev.ua/wp-includes/template-loader.php(106): include()
#1 /var/www/brightfieldw/brightfield.kiev.ua/wp-blog-header.php(19): require_once('/var/www/bright...')
#2 /var/www/brightfieldw/brightfield.kiev.ua/index.php(17): require('/var/www/bright...')
#3 {main}
  thrown in /var/www/brightfieldw/brightfield.kiev.ua/wp-content/themes/customTheme/page-checkout.php on line 116

2020-09-08T11:11:06+00:00 CRITICAL Uncaught Error: Call to a member function get_checkout_fields() on null in /var/www/brightfieldw/brightfield.kiev.ua/wp-content/themes/customTheme/page-checkout.php:116
Stack trace:
#0 /var/www/brightfieldw/brightfield.kiev.ua/wp-includes/template-loader.php(106): include()
#1 /var/www/brightfieldw/brightfield.kiev.ua/wp-blog-header.php(19): require_once('/var/www/bright...')
#2 /var/www/brightfieldw/brightfield.kiev.ua/index.php(17): require('/var/www/bright...')
#3 {main}
  thrown in /var/www/brightfieldw/brightfield.kiev.ua/wp-content/themes/customTheme/page-checkout.php on line 116

2020-09-08T11:12:48+00:00 CRITICAL Uncaught Error: Call to a member function get_checkout_fields() on null in /var/www/brightfieldw/brightfield.kiev.ua/wp-content/themes/customTheme/page-checkout.php:116
Stack trace:
#0 /var/www/brightfieldw/brightfield.kiev.ua/wp-includes/template-loader.php(106): include()
#1 /var/www/brightfieldw/brightfield.kiev.ua/wp-blog-header.php(19): require_once('/var/www/bright...')
#2 /var/www/brightfieldw/brightfield.kiev.ua/index.php(17): require('/var/www/bright...')
#3 {main}
  thrown in /var/www/brightfieldw/brightfield.kiev.ua/wp-content/themes/customTheme/page-checkout.php on line 116

2020-09-08T11:14:01+00:00 CRITICAL Uncaught Error: Call to a member function get_checkout_fields() on null in /var/www/brightfieldw/brightfield.kiev.ua/wp-content/themes/customTheme/page-checkout.php:116
Stack trace:
#0 /var/www/brightfieldw/brightfield.kiev.ua/wp-includes/template-loader.php(106): include()
#1 /var/www/brightfieldw/brightfield.kiev.ua/wp-blog-header.php(19): require_once('/var/www/bright...')
#2 /var/www/brightfieldw/brightfield.kiev.ua/index.php(17): require('/var/www/bright...')
#3 {main}
  thrown in /var/www/brightfieldw/brightfield.kiev.ua/wp-content/themes/customTheme/page-checkout.php on line 116

2020-09-08T11:16:15+00:00 CRITICAL Uncaught Error: Call to a member function get_checkout_fields() on null in /var/www/brightfieldw/brightfield.kiev.ua/wp-content/themes/customTheme/page-checkout.php:116
Stack trace:
#0 /var/www/brightfieldw/brightfield.kiev.ua/wp-includes/template-loader.php(106): include()
#1 /var/www/brightfieldw/brightfield.kiev.ua/wp-blog-header.php(19): require_once('/var/www/bright...')
#2 /var/www/brightfieldw/brightfield.kiev.ua/index.php(17): require('/var/www/bright...')
#3 {main}
  thrown in /var/www/brightfieldw/brightfield.kiev.ua/wp-content/themes/customTheme/page-checkout.php on line 116

2020-09-08T11:17:04+00:00 CRITICAL Uncaught Error: Call to a member function get_checkout_fields() on null in /var/www/brightfieldw/brightfield.kiev.ua/wp-content/themes/customTheme/page-checkout.php:116
Stack trace:
#0 /var/www/brightfieldw/brightfield.kiev.ua/wp-includes/template-loader.php(106): include()
#1 /var/www/brightfieldw/brightfield.kiev.ua/wp-blog-header.php(19): require_once('/var/www/bright...')
#2 /var/www/brightfieldw/brightfield.kiev.ua/index.php(17): require('/var/www/bright...')
#3 {main}
  thrown in /var/www/brightfieldw/brightfield.kiev.ua/wp-content/themes/customTheme/page-checkout.php on line 116

2020-09-08T11:17:49+00:00 CRITICAL Cannot redeclare getCategoriesByID() (previously declared in /var/www/brightfieldw/brightfield.kiev.ua/wp-content/themes/customTheme/functions.php:80) in /var/www/brightfieldw/brightfield.kiev.ua/wp-content/themes/customTheme/taxonomy-product_cat.php on line 44

2020-09-08T11:18:04+00:00 CRITICAL Cannot redeclare getCategoriesByID() (previously declared in /var/www/brightfieldw/brightfield.kiev.ua/wp-content/themes/customTheme/functions.php:80) in /var/www/brightfieldw/brightfield.kiev.ua/wp-content/themes/customTheme/taxonomy-product_cat.php on line 44

2020-09-08T11:20:11+00:00 CRITICAL Cannot redeclare getCategoriesByID() (previously declared in /var/www/brightfieldw/brightfield.kiev.ua/wp-content/themes/customTheme/functions.php:48) in /var/www/brightfieldw/brightfield.kiev.ua/wp-content/themes/customTheme/taxonomy-product_cat.php on line 44

2020-09-08T11:21:24+00:00 CRITICAL Uncaught Error: Call to a member function get_checkout_fields() on null in /var/www/brightfieldw/brightfield.kiev.ua/wp-content/themes/customTheme/page-checkout.php:116
Stack trace:
#0 /var/www/brightfieldw/brightfield.kiev.ua/wp-includes/template-loader.php(106): include()
#1 /var/www/brightfieldw/brightfield.kiev.ua/wp-blog-header.php(19): require_once('/var/www/bright...')
#2 /var/www/brightfieldw/brightfield.kiev.ua/index.php(17): require('/var/www/bright...')
#3 {main}
  thrown in /var/www/brightfieldw/brightfield.kiev.ua/wp-content/themes/customTheme/page-checkout.php on line 116

2020-09-08T11:22:09+00:00 CRITICAL Uncaught Error: Call to a member function get_checkout_fields() on null in /var/www/brightfieldw/brightfield.kiev.ua/wp-content/themes/customTheme/page-checkout.php:116
Stack trace:
#0 /var/www/brightfieldw/brightfield.kiev.ua/wp-includes/template-loader.php(106): include()
#1 /var/www/brightfieldw/brightfield.kiev.ua/wp-blog-header.php(19): require_once('/var/www/bright...')
#2 /var/www/brightfieldw/brightfield.kiev.ua/index.php(17): require('/var/www/bright...')
#3 {main}
  thrown in /var/www/brightfieldw/brightfield.kiev.ua/wp-content/themes/customTheme/page-checkout.php on line 116

2020-09-08T11:22:40+00:00 CRITICAL Uncaught Error: Call to a member function get_checkout_fields() on null in /var/www/brightfieldw/brightfield.kiev.ua/wp-content/themes/customTheme/page-checkout.php:116
Stack trace:
#0 /var/www/brightfieldw/brightfield.kiev.ua/wp-includes/template-loader.php(106): include()
#1 /var/www/brightfieldw/brightfield.kiev.ua/wp-blog-header.php(19): require_once('/var/www/bright...')
#2 /var/www/brightfieldw/brightfield.kiev.ua/index.php(17): require('/var/www/bright...')
#3 {main}
  thrown in /var/www/brightfieldw/brightfield.kiev.ua/wp-content/themes/customTheme/page-checkout.php on line 116

2020-09-08T11:22:49+00:00 CRITICAL Uncaught Error: Call to a member function get_checkout_fields() on null in /var/www/brightfieldw/brightfield.kiev.ua/wp-content/themes/customTheme/page-checkout.php:116
Stack trace:
#0 /var/www/brightfieldw/brightfield.kiev.ua/wp-includes/template-loader.php(106): include()
#1 /var/www/brightfieldw/brightfield.kiev.ua/wp-blog-header.php(19): require_once('/var/www/bright...')
#2 /var/www/brightfieldw/brightfield.kiev.ua/index.php(17): require('/var/www/bright...')
#3 {main}
  thrown in /var/www/brightfieldw/brightfield.kiev.ua/wp-content/themes/customTheme/page-checkout.php on line 116

2020-09-08T11:25:49+00:00 CRITICAL Uncaught Error: Call to a member function get_checkout_fields() on null in /var/www/brightfieldw/brightfield.kiev.ua/wp-content/themes/customTheme/page-checkout.php:116
Stack trace:
#0 /var/www/brightfieldw/brightfield.kiev.ua/wp-includes/template-loader.php(106): include()
#1 /var/www/brightfieldw/brightfield.kiev.ua/wp-blog-header.php(19): require_once('/var/www/bright...')
#2 /var/www/brightfieldw/brightfield.kiev.ua/index.php(17): require('/var/www/bright...')
#3 {main}
  thrown in /var/www/brightfieldw/brightfield.kiev.ua/wp-content/themes/customTheme/page-checkout.php on line 116

2020-09-08T11:45:34+00:00 CRITICAL Uncaught Error: Call to a member function get_checkout_fields() on null in /var/www/brightfieldw/brightfield.kiev.ua/wp-content/themes/customTheme/page-checkout.php:114
Stack trace:
#0 /var/www/brightfieldw/brightfield.kiev.ua/wp-includes/template-loader.php(106): include()
#1 /var/www/brightfieldw/brightfield.kiev.ua/wp-blog-header.php(19): require_once('/var/www/bright...')
#2 /var/www/brightfieldw/brightfield.kiev.ua/index.php(17): require('/var/www/bright...')
#3 {main}
  thrown in /var/www/brightfieldw/brightfield.kiev.ua/wp-content/themes/customTheme/page-checkout.php on line 114

2020-09-08T12:07:36+00:00 CRITICAL Uncaught Error: Call to a member function get_checkout_fields() on null in /var/www/brightfieldw/brightfield.kiev.ua/wp-content/themes/customTheme/page-checkout.php:122
Stack trace:
#0 /var/www/brightfieldw/brightfield.kiev.ua/wp-includes/template-loader.php(106): include()
#1 /var/www/brightfieldw/brightfield.kiev.ua/wp-blog-header.php(19): require_once('/var/www/bright...')
#2 /var/www/brightfieldw/brightfield.kiev.ua/index.php(17): require('/var/www/bright...')
#3 {main}
  thrown in /var/www/brightfieldw/brightfield.kiev.ua/wp-content/themes/customTheme/page-checkout.php on line 122

2020-09-08T12:45:29+00:00 CRITICAL syntax error, unexpected 'return' (T_RETURN) in /var/www/brightfieldw/brightfield.kiev.ua/wp-content/themes/customTheme/functions.php on line 82

2020-09-08T12:45:29+00:00 CRITICAL syntax error, unexpected 'return' (T_RETURN) in /var/www/brightfieldw/brightfield.kiev.ua/wp-content/themes/customTheme/functions.php on line 82

2020-09-08T12:45:34+00:00 CRITICAL syntax error, unexpected 'return' (T_RETURN) in /var/www/brightfieldw/brightfield.kiev.ua/wp-content/themes/customTheme/functions.php on line 82

2020-09-08T12:45:35+00:00 CRITICAL syntax error, unexpected 'return' (T_RETURN) in /var/www/brightfieldw/brightfield.kiev.ua/wp-content/themes/customTheme/functions.php on line 82

